20 May 2020 15:48:14 basePage.py INFO begin
25 May 2020 20:00:09 basePage.py INFO begin
26 May 2020 20:05:33 basePage.py INFO begin
26 May 2020 20:08:01 basePage.py INFO begin
27 May 2020 16:00:57 basePage.py INFO 清除缓存
27 May 2020 16:01:02 basePage.py INFO 启动程序
27 May 2020 16:01:08 basePage.py INFO 允许app访问手机
27 May 2020 16:01:19 basePage.py INFO 输入用户名
27 May 2020 16:01:20 basePage.py INFO 输入密码
27 May 2020 16:01:21 basePage.py INFO 点击登录
27 May 2020 16:01:36 basePage.py INFO 进入我的页面
27 May 2020 16:01:39 basePage.py INFO 进入个人信息页面
27 May 2020 16:01:42 basePage.py INFO 进入昵称页面
27 May 2020 16:01:45 basePage.py INFO 修改昵称
27 May 2020 16:04:50 basePage.py INFO 清除缓存
27 May 2020 16:04:55 basePage.py INFO 启动程序
27 May 2020 16:05:01 basePage.py INFO 允许app访问手机
27 May 2020 16:05:12 basePage.py INFO 输入用户名
27 May 2020 16:05:13 basePage.py INFO 输入密码
27 May 2020 16:05:13 basePage.py INFO 点击登录
27 May 2020 16:05:43 basePage.py INFO 进入我的页面
27 May 2020 16:05:46 basePage.py INFO 进入个人信息页面
27 May 2020 16:05:49 basePage.py INFO 进入昵称页面
27 May 2020 16:05:52 basePage.py INFO 修改昵称
27 May 2020 16:10:27 basePage.py INFO 清除缓存
27 May 2020 16:10:32 basePage.py INFO 启动程序
27 May 2020 16:10:38 basePage.py INFO 允许app访问手机
27 May 2020 16:10:49 basePage.py INFO 输入用户名
27 May 2020 16:10:50 basePage.py INFO 输入密码
27 May 2020 16:10:51 basePage.py INFO 点击登录
27 May 2020 16:10:58 basePage.py INFO 进入我的页面
27 May 2020 16:11:01 basePage.py INFO 进入个人信息页面
27 May 2020 16:11:04 basePage.py INFO 进入昵称页面
27 May 2020 16:11:07 basePage.py INFO 修改昵称
27 May 2020 16:11:53 basePage.py INFO 清除缓存
27 May 2020 16:11:58 basePage.py INFO 启动程序
27 May 2020 16:12:04 basePage.py INFO 允许app访问手机
27 May 2020 16:12:11 basePage.py INFO 进入我的页面
27 May 2020 16:13:06 basePage.py INFO 清除缓存
27 May 2020 16:13:11 basePage.py INFO 启动程序
27 May 2020 16:13:17 basePage.py INFO 允许app访问手机
27 May 2020 16:13:29 basePage.py INFO 输入用户名
27 May 2020 16:13:29 basePage.py INFO 输入密码
27 May 2020 16:13:30 basePage.py INFO 点击登录
27 May 2020 16:13:33 basePage.py INFO 进入我的页面
27 May 2020 16:13:37 basePage.py INFO 进入个人信息页面
27 May 2020 16:13:40 basePage.py INFO 进入昵称页面
27 May 2020 16:13:43 basePage.py INFO 修改昵称
27 May 2020 17:51:13 basePage.py INFO 清除缓存
27 May 2020 17:51:18 basePage.py INFO 启动程序
27 May 2020 17:51:24 basePage.py INFO 允许app访问手机
27 May 2020 17:51:36 basePage.py INFO 输入用户名
27 May 2020 17:51:37 basePage.py INFO 输入密码
27 May 2020 17:51:37 basePage.py INFO 点击登录
27 May 2020 17:51:41 basePage.py INFO 进入我的页面
27 May 2020 17:57:10 basePage.py INFO 清除缓存
27 May 2020 17:57:15 basePage.py INFO 启动程序
27 May 2020 17:57:21 basePage.py INFO 允许app访问手机
27 May 2020 17:57:33 basePage.py INFO 输入用户名
27 May 2020 17:57:33 basePage.py INFO 输入密码
27 May 2020 17:57:34 basePage.py INFO 点击登录
27 May 2020 17:57:41 basePage.py INFO 进入我的页面
27 May 2020 17:57:44 basePage.py INFO 进入个人信息页面
27 May 2020 17:57:47 basePage.py INFO 进入昵称页面
27 May 2020 17:57:50 basePage.py INFO 修改昵称
27 May 2020 18:31:09 basePage.py INFO 清除缓存
27 May 2020 18:31:14 basePage.py INFO 启动程序
27 May 2020 18:31:20 basePage.py INFO 允许app访问手机
27 May 2020 18:31:31 basePage.py INFO 输入用户名
27 May 2020 18:31:32 basePage.py INFO 输入密码
27 May 2020 18:31:32 basePage.py INFO 点击登录
27 May 2020 18:31:39 basePage.py INFO 进入我的页面
27 May 2020 18:31:42 basePage.py INFO 进入个人信息页面
27 May 2020 18:31:45 basePage.py INFO 进入昵称页面
27 May 2020 18:31:48 basePage.py INFO 修改昵称
27 May 2020 18:56:13 basePage.py INFO 清除缓存
27 May 2020 18:56:18 basePage.py INFO 启动程序
27 May 2020 18:56:24 basePage.py INFO 允许app访问手机
27 May 2020 18:56:35 basePage.py INFO 输入用户名
27 May 2020 18:56:36 basePage.py INFO 输入密码
27 May 2020 18:56:36 basePage.py INFO 点击登录
27 May 2020 18:56:43 basePage.py INFO 进入我的页面
27 May 2020 18:56:46 basePage.py INFO 进入个人信息页面
27 May 2020 18:56:49 basePage.py INFO 进入昵称页面
27 May 2020 18:56:52 basePage.py INFO 修改昵称
27 May 2020 18:59:48 basePage.py INFO 清除缓存
27 May 2020 18:59:53 basePage.py INFO 启动程序
27 May 2020 18:59:59 basePage.py INFO 允许app访问手机
27 May 2020 19:00:11 basePage.py INFO 输入用户名
27 May 2020 19:00:11 basePage.py INFO 输入密码
27 May 2020 19:00:12 basePage.py INFO 点击登录
27 May 2020 19:00:18 basePage.py INFO 进入我的页面
27 May 2020 19:00:22 basePage.py INFO 进入个人信息页面
27 May 2020 19:00:25 basePage.py INFO 进入昵称页面
27 May 2020 19:00:28 basePage.py INFO 修改昵称
27 May 2020 19:08:23 basePage.py INFO 清除缓存
27 May 2020 19:08:28 basePage.py INFO 启动程序
27 May 2020 19:08:34 basePage.py INFO 允许app访问手机
27 May 2020 19:08:46 basePage.py INFO 输入用户名
27 May 2020 19:08:46 basePage.py INFO 输入密码
27 May 2020 19:08:47 basePage.py INFO 点击登录
27 May 2020 19:08:54 basePage.py INFO 进入我的页面
27 May 2020 19:08:57 basePage.py INFO 进入个人信息页面
27 May 2020 19:09:00 basePage.py INFO 进入昵称页面
27 May 2020 19:09:03 basePage.py INFO 修改昵称
27 May 2020 19:10:19 basePage.py INFO 清除缓存
27 May 2020 19:10:24 basePage.py INFO 启动程序
27 May 2020 19:10:30 basePage.py INFO 允许app访问手机
27 May 2020 19:10:42 basePage.py INFO 输入用户名
27 May 2020 19:10:42 basePage.py INFO 输入密码
27 May 2020 19:10:43 basePage.py INFO 点击登录
27 May 2020 19:10:49 basePage.py INFO 进入我的页面
27 May 2020 19:10:52 basePage.py INFO 进入个人信息页面
27 May 2020 19:10:55 basePage.py INFO 进入昵称页面
27 May 2020 19:10:58 basePage.py INFO 修改昵称
27 May 2020 19:13:20 basePage.py INFO 清除缓存
27 May 2020 19:13:25 basePage.py INFO 启动程序
27 May 2020 19:13:31 basePage.py INFO 允许app访问手机
27 May 2020 19:13:42 basePage.py INFO 输入用户名
27 May 2020 19:13:43 basePage.py INFO 输入密码
27 May 2020 19:13:43 basePage.py INFO 点击登录
27 May 2020 19:13:50 basePage.py INFO 进入我的页面
27 May 2020 19:13:53 basePage.py INFO 进入个人信息页面
27 May 2020 19:13:56 basePage.py INFO 进入昵称页面
27 May 2020 19:13:59 basePage.py INFO 修改昵称
27 May 2020 19:17:03 basePage.py INFO 清除缓存
27 May 2020 19:17:08 basePage.py INFO 启动程序
27 May 2020 19:17:14 basePage.py INFO 允许app访问手机
27 May 2020 19:17:26 basePage.py INFO 输入用户名
27 May 2020 19:17:26 basePage.py INFO 输入密码
27 May 2020 19:17:27 basePage.py INFO 点击登录
27 May 2020 19:17:34 basePage.py INFO 进入我的页面
27 May 2020 19:17:37 basePage.py INFO 进入个人信息页面
27 May 2020 19:17:40 basePage.py INFO 进入昵称页面
27 May 2020 19:17:43 basePage.py INFO 修改昵称
27 May 2020 19:18:53 basePage.py INFO 清除缓存
27 May 2020 19:18:58 basePage.py INFO 启动程序
27 May 2020 19:19:04 basePage.py INFO 允许app访问手机
27 May 2020 19:19:16 basePage.py INFO 输入用户名
27 May 2020 19:19:16 basePage.py INFO 输入密码
27 May 2020 19:19:17 basePage.py INFO 点击登录
27 May 2020 19:19:23 basePage.py INFO 进入我的页面
27 May 2020 19:19:27 basePage.py INFO 进入个人信息页面
27 May 2020 19:19:30 basePage.py INFO 进入昵称页面
27 May 2020 19:19:33 basePage.py INFO 修改昵称
28 May 2020 14:44:01 basePage.py INFO 清除缓存
28 May 2020 14:44:06 basePage.py INFO 启动程序
28 May 2020 14:44:12 basePage.py INFO 允许app访问手机
28 May 2020 14:44:23 basePage.py INFO 输入用户名
28 May 2020 14:44:24 basePage.py INFO 输入密码
28 May 2020 14:44:25 basePage.py INFO 点击登录
28 May 2020 14:44:31 basePage.py INFO 进入我的页面
28 May 2020 14:44:34 basePage.py INFO 进入个人信息页面
28 May 2020 14:44:37 basePage.py INFO 进入昵称页面
28 May 2020 14:44:40 basePage.py INFO 修改昵称
28 May 2020 14:46:21 basePage.py INFO 清除缓存
28 May 2020 14:46:26 basePage.py INFO 启动程序
28 May 2020 14:46:32 basePage.py INFO 允许app访问手机
28 May 2020 14:46:43 basePage.py INFO 输入用户名
28 May 2020 14:46:44 basePage.py INFO 输入密码
28 May 2020 14:46:45 basePage.py INFO 点击登录
28 May 2020 14:46:51 basePage.py INFO 进入我的页面
28 May 2020 14:47:57 basePage.py INFO 清除缓存
28 May 2020 14:48:02 basePage.py INFO 启动程序
28 May 2020 14:48:08 basePage.py INFO 允许app访问手机
28 May 2020 14:48:19 basePage.py INFO 输入用户名
28 May 2020 14:48:20 basePage.py INFO 输入密码
28 May 2020 14:48:21 basePage.py INFO 点击登录
28 May 2020 14:48:27 basePage.py INFO 进入我的页面
28 May 2020 14:48:30 basePage.py INFO 进入个人信息页面
28 May 2020 14:48:33 basePage.py INFO 进入昵称页面
28 May 2020 14:48:36 basePage.py INFO 修改昵称
